


ARM Macro Assembler    Page 1 


    1 00000000         ;/*!
    2 00000000         ;    \file    startup_gd32f30x_hd.s
    3 00000000         ;    \brief   start up file
    4 00000000         ;
    5 00000000         ;    \version 2017-02-10, V1.0.0, firmware for GD32F30x
    6 00000000         ;    \version 2018-10-10, V1.1.0, firmware for GD32F30x
    7 00000000         ;    \version 2018-12-25, V2.0.0, firmware for GD32F30x
    8 00000000         ;    \version 2020-09-30, V2.1.0, firmware for GD32F30x
    9 00000000         ;*/
   10 00000000         ;
   11 00000000         ;/*
   12 00000000         ;    Copyright (c) 2020, GigaDevice Semiconductor Inc.
   13 00000000         
   14 00000000         ;    Redistribution and use in source and binary forms, 
                       with or without modification, 
   15 00000000         ;are permitted provided that the following conditions ar
                       e met:
   16 00000000         ;
   17 00000000         ;    1. Redistributions of source code must retain the a
                       bove copyright notice, this 
   18 00000000         ;       list of conditions and the following disclaimer.
                       
   19 00000000         ;    2. Redistributions in binary form must reproduce th
                       e above copyright notice, 
   20 00000000         ;       this list of conditions and the following discla
                       imer in the documentation 
   21 00000000         ;       and/or other materials provided with the distrib
                       ution.
   22 00000000         ;    3. Neither the name of the copyright holder nor the
                        names of its contributors 
   23 00000000         ;       may be used to endorse or promote products deriv
                       ed from this software without 
   24 00000000         ;       specific prior written permission.
   25 00000000         ;
   26 00000000         ;    THIS SOFTWARE IS PROVIDED BY THE COPYRIGHT HOLDERS 
                       AND CONTRIBUTORS "AS IS" 
   27 00000000         ;AND ANY EXPRESS OR IMPLIED WARRANTIES, INCLUDING, BUT N
                       OT LIMITED TO, THE IMPLIED 
   28 00000000         ;WARRANTIES OF MERCHANTABILITY AND FITNESS FOR A PARTICU
                       LAR PURPOSE ARE DISCLAIMED. 
   29 00000000         ;IN NO EVENT SHALL THE COPYRIGHT HOLDER OR CONTRIBUTORS 
                       BE LIABLE FOR ANY DIRECT, 
   30 00000000         ;INDIRECT, INCIDENTAL, SPECIAL, EXEMPLARY, OR CONSEQUENT
                       IAL DAMAGES (INCLUDING, BUT 
   31 00000000         ;NOT LIMITED TO, PROCUREMENT OF SUBSTITUTE GOODS OR SERV
                       ICES; LOSS OF USE, DATA, OR 
   32 00000000         ;PROFITS; OR BUSINESS INTERRUPTION) HOWEVER CAUSED AND O
                       N ANY THEORY OF LIABILITY, 
   33 00000000         ;WHETHER IN CONTRACT, STRICT LIABILITY, OR TORT (INCLUDI
                       NG NEGLIGENCE OR OTHERWISE) 
   34 00000000         ;ARISING IN ANY WAY OUT OF THE USE OF THIS SOFTWARE, EVE
                       N IF ADVISED OF THE POSSIBILITY 
   35 00000000         ;OF SUCH DAMAGE.
   36 00000000         ;*/
   37 00000000         
   38 00000000         ; <h> Stack Configuration
   39 00000000         ;   <o> Stack Size (in Bytes) <0x0-0xFFFFFFFF:8>
   40 00000000         ; </h>
   41 00000000         



ARM Macro Assembler    Page 2 


   42 00000000 00000400 
                       Stack_Size
                               EQU              0x00000400
   43 00000000         
   44 00000000                 AREA             STACK, NOINIT, READWRITE, ALIGN
=3
   45 00000000         Stack_Mem
                               SPACE            Stack_Size
   46 00000400         __initial_sp
   47 00000400         
   48 00000400         
   49 00000400         ; <h> Heap Configuration
   50 00000400         ;   <o>  Heap Size (in Bytes) <0x0-0xFFFFFFFF:8>
   51 00000400         ; </h>
   52 00000400         
   53 00000400 00000400 
                       Heap_Size
                               EQU              0x00000400
   54 00000400         
   55 00000400                 AREA             HEAP, NOINIT, READWRITE, ALIGN=
3
   56 00000000         __heap_base
   57 00000000         Heap_Mem
                               SPACE            Heap_Size
   58 00000400         __heap_limit
   59 00000400         
   60 00000400                 PRESERVE8
   61 00000400                 THUMB
   62 00000400         
   63 00000400         ;               /* reset Vector Mapped to at Address 0 *
                       /
   64 00000400                 AREA             RESET, DATA, READONLY
   65 00000000                 EXPORT           __Vectors
   66 00000000                 EXPORT           __Vectors_End
   67 00000000                 EXPORT           __Vectors_Size
   68 00000000         
   69 00000000 00000000 
                       __Vectors
                               DCD              __initial_sp ; Top of Stack
   70 00000004 00000000        DCD              Reset_Handler ; Reset Handler
   71 00000008 00000000        DCD              NMI_Handler ; NMI Handler
   72 0000000C 00000000        DCD              HardFault_Handler ; Hard Fault 
                                                            Handler
   73 00000010 00000000        DCD              MemManage_Handler 
                                                            ; MPU Fault Handler
                                                            
   74 00000014 00000000        DCD              BusFault_Handler 
                                                            ; Bus Fault Handler
                                                            
   75 00000018 00000000        DCD              UsageFault_Handler ; Usage Faul
                                                            t Handler
   76 0000001C 00000000        DCD              0           ; Reserved
   77 00000020 00000000        DCD              0           ; Reserved
   78 00000024 00000000        DCD              0           ; Reserved
   79 00000028 00000000        DCD              0           ; Reserved
   80 0000002C 00000000        DCD              vPortSVCHandler 
                                                            ; SVCall Handler
   81 00000030 00000000        DCD              DebugMon_Handler ; Debug Monito
                                                            r Handler



ARM Macro Assembler    Page 3 


   82 00000034 00000000        DCD              0           ; Reserved
   83 00000038 00000000        DCD              xPortPendSVHandler 
                                                            ; PendSV Handler
   84 0000003C 00000000        DCD              SysTick_Handler 
                                                            ; SysTick Handler
   85 00000040         
   86 00000040         ;               /* external interrupts handler */
   87 00000040 00000000        DCD              WWDGT_IRQHandler ; 16:Window Wa
                                                            tchdog Timer
   88 00000044 00000000        DCD              LVD_IRQHandler ; 17:LVD through
                                                             EXTI Line detect
   89 00000048 00000000        DCD              TAMPER_IRQHandler ; 18:Tamper t
                                                            hrough EXTI Line de
                                                            tect
   90 0000004C 00000000        DCD              RTC_IRQHandler ; 19:RTC through
                                                             EXTI Line
   91 00000050 00000000        DCD              FMC_IRQHandler ; 20:FMC
   92 00000054 00000000        DCD              RCU_CTC_IRQHandler 
                                                            ; 21:RCU and CTC
   93 00000058 00000000        DCD              EXTI0_IRQHandler 
                                                            ; 22:EXTI Line 0
   94 0000005C 00000000        DCD              EXTI1_IRQHandler 
                                                            ; 23:EXTI Line 1
   95 00000060 00000000        DCD              EXTI2_IRQHandler 
                                                            ; 24:EXTI Line 2
   96 00000064 00000000        DCD              EXTI3_IRQHandler 
                                                            ; 25:EXTI Line 3
   97 00000068 00000000        DCD              EXTI4_IRQHandler 
                                                            ; 26:EXTI Line 4
   98 0000006C 00000000        DCD              DMA0_Channel0_IRQHandler 
                                                            ; 27:DMA0 Channel0
   99 00000070 00000000        DCD              DMA0_Channel1_IRQHandler 
                                                            ; 28:DMA0 Channel1
  100 00000074 00000000        DCD              DMA0_Channel2_IRQHandler 
                                                            ; 29:DMA0 Channel2
  101 00000078 00000000        DCD              DMA0_Channel3_IRQHandler 
                                                            ; 30:DMA0 Channel3
  102 0000007C 00000000        DCD              DMA0_Channel4_IRQHandler 
                                                            ; 31:DMA0 Channel4
  103 00000080 00000000        DCD              DMA0_Channel5_IRQHandler 
                                                            ; 32:DMA0 Channel5
  104 00000084 00000000        DCD              DMA0_Channel6_IRQHandler 
                                                            ; 33:DMA0 Channel6
  105 00000088 00000000        DCD              ADC0_1_IRQHandler 
                                                            ; 34:ADC0 and ADC1
  106 0000008C 00000000        DCD              USBD_HP_CAN0_TX_IRQHandler ; 35
                                                            :USBD HP and CAN0 T
                                                            X
  107 00000090 00000000        DCD              USBD_LP_CAN0_RX0_IRQHandler ; 3
                                                            6:USBD LP and CAN0 
                                                            RX0
  108 00000094 00000000        DCD              CAN0_RX1_IRQHandler 
                                                            ; 37:CAN0 RX1
  109 00000098 00000000        DCD              CAN0_EWMC_IRQHandler 
                                                            ; 38:CAN0 EWMC
  110 0000009C 00000000        DCD              EXTI5_9_IRQHandler 
                                                            ; 39:EXTI5 to EXTI9
                                                            
  111 000000A0 00000000        DCD              TIMER0_BRK_IRQHandler 



ARM Macro Assembler    Page 4 


                                                            ; 40:TIMER0 Break
  112 000000A4 00000000        DCD              TIMER0_UP_IRQHandler 
                                                            ; 41:TIMER0 Update
  113 000000A8 00000000        DCD              TIMER0_TRG_CMT_IRQHandler ; 42:
                                                            TIMER0 Trigger and 
                                                            Commutation 
  114 000000AC 00000000        DCD              TIMER0_Channel_IRQHandler ; 43:
                                                            TIMER0 Channel Capt
                                                            ure Compare
  115 000000B0 00000000        DCD              TIMER1_IRQHandler ; 44:TIMER1
  116 000000B4 00000000        DCD              TIMER2_IRQHandler ; 45:TIMER2
  117 000000B8 00000000        DCD              TIMER3_IRQHandler ; 46:TIMER3
  118 000000BC 00000000        DCD              I2C0_EV_IRQHandler 
                                                            ; 47:I2C0 Event
  119 000000C0 00000000        DCD              I2C0_ER_IRQHandler 
                                                            ; 48:I2C0 Error
  120 000000C4 00000000        DCD              I2C1_EV_IRQHandler 
                                                            ; 49:I2C1 Event
  121 000000C8 00000000        DCD              I2C1_ER_IRQHandler 
                                                            ; 50:I2C1 Error
  122 000000CC 00000000        DCD              SPI0_IRQHandler ; 51:SPI0
  123 000000D0 00000000        DCD              SPI1_IRQHandler ; 52:SPI1
  124 000000D4 00000000        DCD              USART0_IRQHandler ; 53:USART0
  125 000000D8 00000000        DCD              USART1_IRQHandler ; 54:USART1
  126 000000DC 00000000        DCD              USART2_IRQHandler ; 55:USART2
  127 000000E0 00000000        DCD              EXTI10_15_IRQHandler ; 56:EXTI1
                                                            0 to EXTI15
  128 000000E4 00000000        DCD              RTC_Alarm_IRQHandler 
                                                            ; 57:RTC Alarm
  129 000000E8 00000000        DCD              USBD_WKUP_IRQHandler 
                                                            ; 58:USBD Wakeup
  130 000000EC 00000000        DCD              TIMER7_BRK_IRQHandler 
                                                            ; 59:TIMER7 Break 
  131 000000F0 00000000        DCD              TIMER7_UP_IRQHandler 
                                                            ; 60:TIMER7 Update 
                                                            
  132 000000F4 00000000        DCD              TIMER7_TRG_CMT_IRQHandler ; 61:
                                                            TIMER7 Trigger and 
                                                            Commutation
  133 000000F8 00000000        DCD              TIMER7_Channel_IRQHandler ; 62:
                                                            TIMER7 Channel Capt
                                                            ure Compare
  134 000000FC 00000000        DCD              ADC2_IRQHandler ; 63:ADC2
  135 00000100 00000000        DCD              EXMC_IRQHandler ; 64:EXMC
  136 00000104 00000000        DCD              SDIO_IRQHandler ; 65:SDIO
  137 00000108 00000000        DCD              TIMER4_IRQHandler ; 66:TIMER4
  138 0000010C 00000000        DCD              SPI2_IRQHandler ; 67:SPI2
  139 00000110 00000000        DCD              UART3_IRQHandler ; 68:UART3
  140 00000114 00000000        DCD              UART4_IRQHandler ; 69:UART4
  141 00000118 00000000        DCD              TIMER5_IRQHandler ; 70:TIMER5 
  142 0000011C 00000000        DCD              TIMER6_IRQHandler ; 71:TIMER6
  143 00000120 00000000        DCD              DMA1_Channel0_IRQHandler 
                                                            ; 72:DMA1 Channel0
  144 00000124 00000000        DCD              DMA1_Channel1_IRQHandler 
                                                            ; 73:DMA1 Channel1
  145 00000128 00000000        DCD              DMA1_Channel2_IRQHandler 
                                                            ; 74:DMA1 Channel2
  146 0000012C 00000000        DCD              DMA1_Channel3_4_IRQHandler ; 75
                                                            :DMA1 Channel3 and 



ARM Macro Assembler    Page 5 


                                                            Channel4
  147 00000130         
  148 00000130         __Vectors_End
  149 00000130         
  150 00000130 00000130 
                       __Vectors_Size
                               EQU              __Vectors_End - __Vectors
  151 00000130         
  152 00000130                 AREA             |.text|, CODE, READONLY
  153 00000000         
  154 00000000         ;/* reset Handler */
  155 00000000         Reset_Handler
                               PROC
  156 00000000                 EXPORT           Reset_Handler                  
   [WEAK]
  157 00000000                 IMPORT           SystemInit
  158 00000000                 IMPORT           __main
  159 00000000 4807            LDR              R0, =SystemInit
  160 00000002 4780            BLX              R0
  161 00000004 4807            LDR              R0, =__main
  162 00000006 4700            BX               R0
  163 00000008                 ENDP
  164 00000008         
  165 00000008         ;/* dummy Exception Handlers */
  166 00000008         NMI_Handler
                               PROC
  167 00000008                 EXPORT           NMI_Handler                    
   [WEAK]
  168 00000008 E7FE            B                .
  169 0000000A                 ENDP
  171 0000000A         HardFault_Handler
                               PROC
  172 0000000A                 EXPORT           HardFault_Handler              
   [WEAK]
  173 0000000A E7FE            B                .
  174 0000000C                 ENDP
  176 0000000C         MemManage_Handler
                               PROC
  177 0000000C                 EXPORT           MemManage_Handler              
   [WEAK]
  178 0000000C E7FE            B                .
  179 0000000E                 ENDP
  181 0000000E         BusFault_Handler
                               PROC
  182 0000000E                 EXPORT           BusFault_Handler               
   [WEAK]
  183 0000000E E7FE            B                .
  184 00000010                 ENDP
  186 00000010         UsageFault_Handler
                               PROC
  187 00000010                 EXPORT           UsageFault_Handler             
   [WEAK]
  188 00000010 E7FE            B                .
  189 00000012                 ENDP
  190 00000012         SVC_Handler
                               PROC
  191 00000012                 EXPORT           SVC_Handler                    
   [WEAK]
  192 00000012 E7FE            B                .



ARM Macro Assembler    Page 6 


  193 00000014                 ENDP
  195 00000014         DebugMon_Handler
                               PROC
  196 00000014                 EXPORT           DebugMon_Handler               
   [WEAK]
  197 00000014 E7FE            B                .
  198 00000016                 ENDP
  200 00000016         PendSV_Handler
                               PROC
  201 00000016                 EXPORT           PendSV_Handler                 
   [WEAK]
  202 00000016 E7FE            B                .
  203 00000018                 ENDP
  205 00000018         SysTick_Handler
                               PROC
  206 00000018                 EXPORT           SysTick_Handler                
   [WEAK]
  207 00000018 E7FE            B                .
  208 0000001A                 ENDP
  210 0000001A         xPortPendSVHandler
                               PROC
  211 0000001A                 EXPORT           xPortPendSVHandler             
   [WEAK]
  212 0000001A E7FE            B                .
  213 0000001C                 ENDP
  214 0000001C         vPortSVCHandler
                               PROC
  215 0000001C                 EXPORT           vPortSVCHandler                
   [WEAK]
  216 0000001C E7FE            B                .
  217 0000001E                 ENDP
  218 0000001E         
  219 0000001E         Default_Handler
                               PROC
  220 0000001E         ;               /* external interrupts handler */
  221 0000001E                 EXPORT           WWDGT_IRQHandler               
   [WEAK]
  222 0000001E                 EXPORT           LVD_IRQHandler                 
   [WEAK]
  223 0000001E                 EXPORT           TAMPER_IRQHandler              
   [WEAK]
  224 0000001E                 EXPORT           RTC_IRQHandler                 
   [WEAK]
  225 0000001E                 EXPORT           FMC_IRQHandler                 
   [WEAK]
  226 0000001E                 EXPORT           RCU_CTC_IRQHandler             
   [WEAK]
  227 0000001E                 EXPORT           EXTI0_IRQHandler               
   [WEAK]
  228 0000001E                 EXPORT           EXTI1_IRQHandler               
   [WEAK]
  229 0000001E                 EXPORT           EXTI2_IRQHandler               
   [WEAK]
  230 0000001E                 EXPORT           EXTI3_IRQHandler               
   [WEAK]
  231 0000001E                 EXPORT           EXTI4_IRQHandler               
   [WEAK]
  232 0000001E                 EXPORT           DMA0_Channel0_IRQHandler       
   [WEAK]



ARM Macro Assembler    Page 7 


  233 0000001E                 EXPORT           DMA0_Channel1_IRQHandler       
   [WEAK]
  234 0000001E                 EXPORT           DMA0_Channel2_IRQHandler       
   [WEAK]
  235 0000001E                 EXPORT           DMA0_Channel3_IRQHandler       
   [WEAK]
  236 0000001E                 EXPORT           DMA0_Channel4_IRQHandler       
   [WEAK]
  237 0000001E                 EXPORT           DMA0_Channel5_IRQHandler       
   [WEAK]
  238 0000001E                 EXPORT           DMA0_Channel6_IRQHandler       
   [WEAK]
  239 0000001E                 EXPORT           ADC0_1_IRQHandler              
   [WEAK]
  240 0000001E                 EXPORT           USBD_HP_CAN0_TX_IRQHandler     
   [WEAK]
  241 0000001E                 EXPORT           USBD_LP_CAN0_RX0_IRQHandler    
   [WEAK]
  242 0000001E                 EXPORT           CAN0_RX1_IRQHandler            
   [WEAK]
  243 0000001E                 EXPORT           CAN0_EWMC_IRQHandler           
   [WEAK]
  244 0000001E                 EXPORT           EXTI5_9_IRQHandler             
   [WEAK]
  245 0000001E                 EXPORT           TIMER0_BRK_IRQHandler          
   [WEAK]
  246 0000001E                 EXPORT           TIMER0_UP_IRQHandler           
   [WEAK]
  247 0000001E                 EXPORT           TIMER0_TRG_CMT_IRQHandler      
   [WEAK]
  248 0000001E                 EXPORT           TIMER0_Channel_IRQHandler      
   [WEAK]
  249 0000001E                 EXPORT           TIMER1_IRQHandler              
   [WEAK]
  250 0000001E                 EXPORT           TIMER2_IRQHandler              
   [WEAK]
  251 0000001E                 EXPORT           TIMER3_IRQHandler              
   [WEAK]
  252 0000001E                 EXPORT           I2C0_EV_IRQHandler             
   [WEAK]
  253 0000001E                 EXPORT           I2C0_ER_IRQHandler             
   [WEAK]
  254 0000001E                 EXPORT           I2C1_EV_IRQHandler             
   [WEAK]
  255 0000001E                 EXPORT           I2C1_ER_IRQHandler             
   [WEAK]
  256 0000001E                 EXPORT           SPI0_IRQHandler                
   [WEAK]
  257 0000001E                 EXPORT           SPI1_IRQHandler                
   [WEAK]
  258 0000001E                 EXPORT           USART0_IRQHandler              
   [WEAK]
  259 0000001E                 EXPORT           USART1_IRQHandler              
   [WEAK]
  260 0000001E                 EXPORT           USART2_IRQHandler              
   [WEAK]
  261 0000001E                 EXPORT           EXTI10_15_IRQHandler           
   [WEAK]
  262 0000001E                 EXPORT           RTC_Alarm_IRQHandler           



ARM Macro Assembler    Page 8 


   [WEAK]
  263 0000001E                 EXPORT           USBD_WKUP_IRQHandler           
   [WEAK]
  264 0000001E                 EXPORT           TIMER7_BRK_IRQHandler          
   [WEAK]
  265 0000001E                 EXPORT           TIMER7_UP_IRQHandler           
   [WEAK]
  266 0000001E                 EXPORT           TIMER7_TRG_CMT_IRQHandler      
   [WEAK]
  267 0000001E                 EXPORT           TIMER7_Channel_IRQHandler      
   [WEAK]
  268 0000001E                 EXPORT           ADC2_IRQHandler                
   [WEAK]
  269 0000001E                 EXPORT           EXMC_IRQHandler                
   [WEAK]
  270 0000001E                 EXPORT           SDIO_IRQHandler                
   [WEAK]
  271 0000001E                 EXPORT           TIMER4_IRQHandler              
   [WEAK]
  272 0000001E                 EXPORT           SPI2_IRQHandler                
   [WEAK]
  273 0000001E                 EXPORT           UART3_IRQHandler               
   [WEAK]
  274 0000001E                 EXPORT           UART4_IRQHandler               
   [WEAK]
  275 0000001E                 EXPORT           TIMER5_IRQHandler              
   [WEAK]
  276 0000001E                 EXPORT           TIMER6_IRQHandler              
   [WEAK]
  277 0000001E                 EXPORT           DMA1_Channel0_IRQHandler       
   [WEAK]
  278 0000001E                 EXPORT           DMA1_Channel1_IRQHandler       
   [WEAK]
  279 0000001E                 EXPORT           DMA1_Channel2_IRQHandler       
   [WEAK]
  280 0000001E                 EXPORT           DMA1_Channel3_4_IRQHandler     
   [WEAK]
  281 0000001E         
  282 0000001E         ;/* external interrupts handler */
  283 0000001E         WWDGT_IRQHandler
  284 0000001E         LVD_IRQHandler
  285 0000001E         TAMPER_IRQHandler
  286 0000001E         RTC_IRQHandler
  287 0000001E         FMC_IRQHandler
  288 0000001E         RCU_CTC_IRQHandler
  289 0000001E         EXTI0_IRQHandler
  290 0000001E         EXTI1_IRQHandler
  291 0000001E         EXTI2_IRQHandler
  292 0000001E         EXTI3_IRQHandler
  293 0000001E         EXTI4_IRQHandler
  294 0000001E         DMA0_Channel0_IRQHandler
  295 0000001E         DMA0_Channel1_IRQHandler
  296 0000001E         DMA0_Channel2_IRQHandler
  297 0000001E         DMA0_Channel3_IRQHandler
  298 0000001E         DMA0_Channel4_IRQHandler
  299 0000001E         DMA0_Channel5_IRQHandler
  300 0000001E         DMA0_Channel6_IRQHandler
  301 0000001E         ADC0_1_IRQHandler
  302 0000001E         USBD_HP_CAN0_TX_IRQHandler



ARM Macro Assembler    Page 9 


  303 0000001E         USBD_LP_CAN0_RX0_IRQHandler
  304 0000001E         CAN0_RX1_IRQHandler
  305 0000001E         CAN0_EWMC_IRQHandler
  306 0000001E         EXTI5_9_IRQHandler
  307 0000001E         TIMER0_BRK_IRQHandler
  308 0000001E         TIMER0_UP_IRQHandler
  309 0000001E         TIMER0_TRG_CMT_IRQHandler
  310 0000001E         TIMER0_Channel_IRQHandler
  311 0000001E         TIMER1_IRQHandler
  312 0000001E         TIMER2_IRQHandler
  313 0000001E         TIMER3_IRQHandler
  314 0000001E         I2C0_EV_IRQHandler
  315 0000001E         I2C0_ER_IRQHandler
  316 0000001E         I2C1_EV_IRQHandler
  317 0000001E         I2C1_ER_IRQHandler
  318 0000001E         SPI0_IRQHandler
  319 0000001E         SPI1_IRQHandler
  320 0000001E         USART0_IRQHandler
  321 0000001E         USART1_IRQHandler
  322 0000001E         USART2_IRQHandler
  323 0000001E         EXTI10_15_IRQHandler
  324 0000001E         RTC_Alarm_IRQHandler
  325 0000001E         USBD_WKUP_IRQHandler
  326 0000001E         TIMER7_BRK_IRQHandler
  327 0000001E         TIMER7_UP_IRQHandler
  328 0000001E         TIMER7_TRG_CMT_IRQHandler
  329 0000001E         TIMER7_Channel_IRQHandler
  330 0000001E         ADC2_IRQHandler
  331 0000001E         EXMC_IRQHandler
  332 0000001E         SDIO_IRQHandler
  333 0000001E         TIMER4_IRQHandler
  334 0000001E         SPI2_IRQHandler
  335 0000001E         UART3_IRQHandler
  336 0000001E         UART4_IRQHandler
  337 0000001E         TIMER5_IRQHandler
  338 0000001E         TIMER6_IRQHandler
  339 0000001E         DMA1_Channel0_IRQHandler
  340 0000001E         DMA1_Channel1_IRQHandler
  341 0000001E         DMA1_Channel2_IRQHandler
  342 0000001E         DMA1_Channel3_4_IRQHandler
  343 0000001E         
  344 0000001E E7FE            B                .
  345 00000020                 ENDP
  346 00000020         
  347 00000020                 ALIGN
  348 00000020         
  349 00000020         ; user Initial Stack & Heap
  350 00000020         
  351 00000020                 IF               :DEF:__MICROLIB
  352 00000020         
  353 00000020                 EXPORT           __initial_sp
  354 00000020                 EXPORT           __heap_base
  355 00000020                 EXPORT           __heap_limit
  356 00000020         
  357 00000020                 ELSE
  372                          ENDIF
  373 00000020         
  374 00000020                 END
              00000000 



ARM Macro Assembler    Page 10 


              00000000 
Command Line: --debug --xref --diag_suppress=9931 --cpu=Cortex-M4.fp.sp --apcs=
interwork --depend=..\bin\startup_gd32f30x_hd.d -o..\bin\startup_gd32f30x_hd.o 
-IC:\Users\ufdl2\AppData\Local\Arm\Packs\GigaDevice\GD32F30x_DFP\2.2.1\Device\I
nclude --predefine="__MICROLIB SETA 1" --predefine="__UVISION_VERSION SETA 541"
 --predefine="GD32F30X_XD SETA 1" --list=.\listings\startup_gd32f30x_hd.lst sta
rtup_gd32f30x_hd.s



ARM Macro Assembler    Page 1 Alphabetic symbol ordering
Relocatable symbols

STACK 00000000

Symbol: STACK
   Definitions
      At line 44 in file startup_gd32f30x_hd.s
   Uses
      None
Comment: STACK unused
Stack_Mem 00000000

Symbol: Stack_Mem
   Definitions
      At line 45 in file startup_gd32f30x_hd.s
   Uses
      None
Comment: Stack_Mem unused
__initial_sp 00000400

Symbol: __initial_sp
   Definitions
      At line 46 in file startup_gd32f30x_hd.s
   Uses
      At line 69 in file startup_gd32f30x_hd.s
      At line 353 in file startup_gd32f30x_hd.s

3 symbols



ARM Macro Assembler    Page 1 Alphabetic symbol ordering
Relocatable symbols

HEAP 00000000

Symbol: HEAP
   Definitions
      At line 55 in file startup_gd32f30x_hd.s
   Uses
      None
Comment: HEAP unused
Heap_Mem 00000000

Symbol: Heap_Mem
   Definitions
      At line 57 in file startup_gd32f30x_hd.s
   Uses
      None
Comment: Heap_Mem unused
__heap_base 00000000

Symbol: __heap_base
   Definitions
      At line 56 in file startup_gd32f30x_hd.s
   Uses
      At line 354 in file startup_gd32f30x_hd.s
Comment: __heap_base used once
__heap_limit 00000400

Symbol: __heap_limit
   Definitions
      At line 58 in file startup_gd32f30x_hd.s
   Uses
      At line 355 in file startup_gd32f30x_hd.s
Comment: __heap_limit used once
4 symbols



ARM Macro Assembler    Page 1 Alphabetic symbol ordering
Relocatable symbols

RESET 00000000

Symbol: RESET
   Definitions
      At line 64 in file startup_gd32f30x_hd.s
   Uses
      None
Comment: RESET unused
__Vectors 00000000

Symbol: __Vectors
   Definitions
      At line 69 in file startup_gd32f30x_hd.s
   Uses
      At line 65 in file startup_gd32f30x_hd.s
      At line 150 in file startup_gd32f30x_hd.s

__Vectors_End 00000130

Symbol: __Vectors_End
   Definitions
      At line 148 in file startup_gd32f30x_hd.s
   Uses
      At line 66 in file startup_gd32f30x_hd.s
      At line 150 in file startup_gd32f30x_hd.s

3 symbols



ARM Macro Assembler    Page 1 Alphabetic symbol ordering
Relocatable symbols

.text 00000000

Symbol: .text
   Definitions
      At line 152 in file startup_gd32f30x_hd.s
   Uses
      None
Comment: .text unused
ADC0_1_IRQHandler 0000001E

Symbol: ADC0_1_IRQHandler
   Definitions
      At line 301 in file startup_gd32f30x_hd.s
   Uses
      At line 105 in file startup_gd32f30x_hd.s
      At line 239 in file startup_gd32f30x_hd.s

ADC2_IRQHandler 0000001E

Symbol: ADC2_IRQHandler
   Definitions
      At line 330 in file startup_gd32f30x_hd.s
   Uses
      At line 134 in file startup_gd32f30x_hd.s
      At line 268 in file startup_gd32f30x_hd.s

BusFault_Handler 0000000E

Symbol: BusFault_Handler
   Definitions
      At line 181 in file startup_gd32f30x_hd.s
   Uses
      At line 74 in file startup_gd32f30x_hd.s
      At line 182 in file startup_gd32f30x_hd.s

CAN0_EWMC_IRQHandler 0000001E

Symbol: CAN0_EWMC_IRQHandler
   Definitions
      At line 305 in file startup_gd32f30x_hd.s
   Uses
      At line 109 in file startup_gd32f30x_hd.s
      At line 243 in file startup_gd32f30x_hd.s

CAN0_RX1_IRQHandler 0000001E

Symbol: CAN0_RX1_IRQHandler
   Definitions
      At line 304 in file startup_gd32f30x_hd.s
   Uses
      At line 108 in file startup_gd32f30x_hd.s
      At line 242 in file startup_gd32f30x_hd.s

DMA0_Channel0_IRQHandler 0000001E

Symbol: DMA0_Channel0_IRQHandler
   Definitions
      At line 294 in file startup_gd32f30x_hd.s
   Uses



ARM Macro Assembler    Page 2 Alphabetic symbol ordering
Relocatable symbols

      At line 98 in file startup_gd32f30x_hd.s
      At line 232 in file startup_gd32f30x_hd.s

DMA0_Channel1_IRQHandler 0000001E

Symbol: DMA0_Channel1_IRQHandler
   Definitions
      At line 295 in file startup_gd32f30x_hd.s
   Uses
      At line 99 in file startup_gd32f30x_hd.s
      At line 233 in file startup_gd32f30x_hd.s

DMA0_Channel2_IRQHandler 0000001E

Symbol: DMA0_Channel2_IRQHandler
   Definitions
      At line 296 in file startup_gd32f30x_hd.s
   Uses
      At line 100 in file startup_gd32f30x_hd.s
      At line 234 in file startup_gd32f30x_hd.s

DMA0_Channel3_IRQHandler 0000001E

Symbol: DMA0_Channel3_IRQHandler
   Definitions
      At line 297 in file startup_gd32f30x_hd.s
   Uses
      At line 101 in file startup_gd32f30x_hd.s
      At line 235 in file startup_gd32f30x_hd.s

DMA0_Channel4_IRQHandler 0000001E

Symbol: DMA0_Channel4_IRQHandler
   Definitions
      At line 298 in file startup_gd32f30x_hd.s
   Uses
      At line 102 in file startup_gd32f30x_hd.s
      At line 236 in file startup_gd32f30x_hd.s

DMA0_Channel5_IRQHandler 0000001E

Symbol: DMA0_Channel5_IRQHandler
   Definitions
      At line 299 in file startup_gd32f30x_hd.s
   Uses
      At line 103 in file startup_gd32f30x_hd.s
      At line 237 in file startup_gd32f30x_hd.s

DMA0_Channel6_IRQHandler 0000001E

Symbol: DMA0_Channel6_IRQHandler
   Definitions
      At line 300 in file startup_gd32f30x_hd.s
   Uses
      At line 104 in file startup_gd32f30x_hd.s
      At line 238 in file startup_gd32f30x_hd.s

DMA1_Channel0_IRQHandler 0000001E




ARM Macro Assembler    Page 3 Alphabetic symbol ordering
Relocatable symbols

Symbol: DMA1_Channel0_IRQHandler
   Definitions
      At line 339 in file startup_gd32f30x_hd.s
   Uses
      At line 143 in file startup_gd32f30x_hd.s
      At line 277 in file startup_gd32f30x_hd.s

DMA1_Channel1_IRQHandler 0000001E

Symbol: DMA1_Channel1_IRQHandler
   Definitions
      At line 340 in file startup_gd32f30x_hd.s
   Uses
      At line 144 in file startup_gd32f30x_hd.s
      At line 278 in file startup_gd32f30x_hd.s

DMA1_Channel2_IRQHandler 0000001E

Symbol: DMA1_Channel2_IRQHandler
   Definitions
      At line 341 in file startup_gd32f30x_hd.s
   Uses
      At line 145 in file startup_gd32f30x_hd.s
      At line 279 in file startup_gd32f30x_hd.s

DMA1_Channel3_4_IRQHandler 0000001E

Symbol: DMA1_Channel3_4_IRQHandler
   Definitions
      At line 342 in file startup_gd32f30x_hd.s
   Uses
      At line 146 in file startup_gd32f30x_hd.s
      At line 280 in file startup_gd32f30x_hd.s

DebugMon_Handler 00000014

Symbol: DebugMon_Handler
   Definitions
      At line 195 in file startup_gd32f30x_hd.s
   Uses
      At line 81 in file startup_gd32f30x_hd.s
      At line 196 in file startup_gd32f30x_hd.s

Default_Handler 0000001E

Symbol: Default_Handler
   Definitions
      At line 219 in file startup_gd32f30x_hd.s
   Uses
      None
Comment: Default_Handler unused
EXMC_IRQHandler 0000001E

Symbol: EXMC_IRQHandler
   Definitions
      At line 331 in file startup_gd32f30x_hd.s
   Uses
      At line 135 in file startup_gd32f30x_hd.s
      At line 269 in file startup_gd32f30x_hd.s



ARM Macro Assembler    Page 4 Alphabetic symbol ordering
Relocatable symbols


EXTI0_IRQHandler 0000001E

Symbol: EXTI0_IRQHandler
   Definitions
      At line 289 in file startup_gd32f30x_hd.s
   Uses
      At line 93 in file startup_gd32f30x_hd.s
      At line 227 in file startup_gd32f30x_hd.s

EXTI10_15_IRQHandler 0000001E

Symbol: EXTI10_15_IRQHandler
   Definitions
      At line 323 in file startup_gd32f30x_hd.s
   Uses
      At line 127 in file startup_gd32f30x_hd.s
      At line 261 in file startup_gd32f30x_hd.s

EXTI1_IRQHandler 0000001E

Symbol: EXTI1_IRQHandler
   Definitions
      At line 290 in file startup_gd32f30x_hd.s
   Uses
      At line 94 in file startup_gd32f30x_hd.s
      At line 228 in file startup_gd32f30x_hd.s

EXTI2_IRQHandler 0000001E

Symbol: EXTI2_IRQHandler
   Definitions
      At line 291 in file startup_gd32f30x_hd.s
   Uses
      At line 95 in file startup_gd32f30x_hd.s
      At line 229 in file startup_gd32f30x_hd.s

EXTI3_IRQHandler 0000001E

Symbol: EXTI3_IRQHandler
   Definitions
      At line 292 in file startup_gd32f30x_hd.s
   Uses
      At line 96 in file startup_gd32f30x_hd.s
      At line 230 in file startup_gd32f30x_hd.s

EXTI4_IRQHandler 0000001E

Symbol: EXTI4_IRQHandler
   Definitions
      At line 293 in file startup_gd32f30x_hd.s
   Uses
      At line 97 in file startup_gd32f30x_hd.s
      At line 231 in file startup_gd32f30x_hd.s

EXTI5_9_IRQHandler 0000001E

Symbol: EXTI5_9_IRQHandler
   Definitions



ARM Macro Assembler    Page 5 Alphabetic symbol ordering
Relocatable symbols

      At line 306 in file startup_gd32f30x_hd.s
   Uses
      At line 110 in file startup_gd32f30x_hd.s
      At line 244 in file startup_gd32f30x_hd.s

FMC_IRQHandler 0000001E

Symbol: FMC_IRQHandler
   Definitions
      At line 287 in file startup_gd32f30x_hd.s
   Uses
      At line 91 in file startup_gd32f30x_hd.s
      At line 225 in file startup_gd32f30x_hd.s

HardFault_Handler 0000000A

Symbol: HardFault_Handler
   Definitions
      At line 171 in file startup_gd32f30x_hd.s
   Uses
      At line 72 in file startup_gd32f30x_hd.s
      At line 172 in file startup_gd32f30x_hd.s

I2C0_ER_IRQHandler 0000001E

Symbol: I2C0_ER_IRQHandler
   Definitions
      At line 315 in file startup_gd32f30x_hd.s
   Uses
      At line 119 in file startup_gd32f30x_hd.s
      At line 253 in file startup_gd32f30x_hd.s

I2C0_EV_IRQHandler 0000001E

Symbol: I2C0_EV_IRQHandler
   Definitions
      At line 314 in file startup_gd32f30x_hd.s
   Uses
      At line 118 in file startup_gd32f30x_hd.s
      At line 252 in file startup_gd32f30x_hd.s

I2C1_ER_IRQHandler 0000001E

Symbol: I2C1_ER_IRQHandler
   Definitions
      At line 317 in file startup_gd32f30x_hd.s
   Uses
      At line 121 in file startup_gd32f30x_hd.s
      At line 255 in file startup_gd32f30x_hd.s

I2C1_EV_IRQHandler 0000001E

Symbol: I2C1_EV_IRQHandler
   Definitions
      At line 316 in file startup_gd32f30x_hd.s
   Uses
      At line 120 in file startup_gd32f30x_hd.s
      At line 254 in file startup_gd32f30x_hd.s




ARM Macro Assembler    Page 6 Alphabetic symbol ordering
Relocatable symbols

LVD_IRQHandler 0000001E

Symbol: LVD_IRQHandler
   Definitions
      At line 284 in file startup_gd32f30x_hd.s
   Uses
      At line 88 in file startup_gd32f30x_hd.s
      At line 222 in file startup_gd32f30x_hd.s

MemManage_Handler 0000000C

Symbol: MemManage_Handler
   Definitions
      At line 176 in file startup_gd32f30x_hd.s
   Uses
      At line 73 in file startup_gd32f30x_hd.s
      At line 177 in file startup_gd32f30x_hd.s

NMI_Handler 00000008

Symbol: NMI_Handler
   Definitions
      At line 166 in file startup_gd32f30x_hd.s
   Uses
      At line 71 in file startup_gd32f30x_hd.s
      At line 167 in file startup_gd32f30x_hd.s

PendSV_Handler 00000016

Symbol: PendSV_Handler
   Definitions
      At line 200 in file startup_gd32f30x_hd.s
   Uses
      At line 201 in file startup_gd32f30x_hd.s
Comment: PendSV_Handler used once
RCU_CTC_IRQHandler 0000001E

Symbol: RCU_CTC_IRQHandler
   Definitions
      At line 288 in file startup_gd32f30x_hd.s
   Uses
      At line 92 in file startup_gd32f30x_hd.s
      At line 226 in file startup_gd32f30x_hd.s

RTC_Alarm_IRQHandler 0000001E

Symbol: RTC_Alarm_IRQHandler
   Definitions
      At line 324 in file startup_gd32f30x_hd.s
   Uses
      At line 128 in file startup_gd32f30x_hd.s
      At line 262 in file startup_gd32f30x_hd.s

RTC_IRQHandler 0000001E

Symbol: RTC_IRQHandler
   Definitions
      At line 286 in file startup_gd32f30x_hd.s
   Uses



ARM Macro Assembler    Page 7 Alphabetic symbol ordering
Relocatable symbols

      At line 90 in file startup_gd32f30x_hd.s
      At line 224 in file startup_gd32f30x_hd.s

Reset_Handler 00000000

Symbol: Reset_Handler
   Definitions
      At line 155 in file startup_gd32f30x_hd.s
   Uses
      At line 70 in file startup_gd32f30x_hd.s
      At line 156 in file startup_gd32f30x_hd.s

SDIO_IRQHandler 0000001E

Symbol: SDIO_IRQHandler
   Definitions
      At line 332 in file startup_gd32f30x_hd.s
   Uses
      At line 136 in file startup_gd32f30x_hd.s
      At line 270 in file startup_gd32f30x_hd.s

SPI0_IRQHandler 0000001E

Symbol: SPI0_IRQHandler
   Definitions
      At line 318 in file startup_gd32f30x_hd.s
   Uses
      At line 122 in file startup_gd32f30x_hd.s
      At line 256 in file startup_gd32f30x_hd.s

SPI1_IRQHandler 0000001E

Symbol: SPI1_IRQHandler
   Definitions
      At line 319 in file startup_gd32f30x_hd.s
   Uses
      At line 123 in file startup_gd32f30x_hd.s
      At line 257 in file startup_gd32f30x_hd.s

SPI2_IRQHandler 0000001E

Symbol: SPI2_IRQHandler
   Definitions
      At line 334 in file startup_gd32f30x_hd.s
   Uses
      At line 138 in file startup_gd32f30x_hd.s
      At line 272 in file startup_gd32f30x_hd.s

SVC_Handler 00000012

Symbol: SVC_Handler
   Definitions
      At line 190 in file startup_gd32f30x_hd.s
   Uses
      At line 191 in file startup_gd32f30x_hd.s
Comment: SVC_Handler used once
SysTick_Handler 00000018

Symbol: SysTick_Handler



ARM Macro Assembler    Page 8 Alphabetic symbol ordering
Relocatable symbols

   Definitions
      At line 205 in file startup_gd32f30x_hd.s
   Uses
      At line 84 in file startup_gd32f30x_hd.s
      At line 206 in file startup_gd32f30x_hd.s

TAMPER_IRQHandler 0000001E

Symbol: TAMPER_IRQHandler
   Definitions
      At line 285 in file startup_gd32f30x_hd.s
   Uses
      At line 89 in file startup_gd32f30x_hd.s
      At line 223 in file startup_gd32f30x_hd.s

TIMER0_BRK_IRQHandler 0000001E

Symbol: TIMER0_BRK_IRQHandler
   Definitions
      At line 307 in file startup_gd32f30x_hd.s
   Uses
      At line 111 in file startup_gd32f30x_hd.s
      At line 245 in file startup_gd32f30x_hd.s

TIMER0_Channel_IRQHandler 0000001E

Symbol: TIMER0_Channel_IRQHandler
   Definitions
      At line 310 in file startup_gd32f30x_hd.s
   Uses
      At line 114 in file startup_gd32f30x_hd.s
      At line 248 in file startup_gd32f30x_hd.s

TIMER0_TRG_CMT_IRQHandler 0000001E

Symbol: TIMER0_TRG_CMT_IRQHandler
   Definitions
      At line 309 in file startup_gd32f30x_hd.s
   Uses
      At line 113 in file startup_gd32f30x_hd.s
      At line 247 in file startup_gd32f30x_hd.s

TIMER0_UP_IRQHandler 0000001E

Symbol: TIMER0_UP_IRQHandler
   Definitions
      At line 308 in file startup_gd32f30x_hd.s
   Uses
      At line 112 in file startup_gd32f30x_hd.s
      At line 246 in file startup_gd32f30x_hd.s

TIMER1_IRQHandler 0000001E

Symbol: TIMER1_IRQHandler
   Definitions
      At line 311 in file startup_gd32f30x_hd.s
   Uses
      At line 115 in file startup_gd32f30x_hd.s
      At line 249 in file startup_gd32f30x_hd.s



ARM Macro Assembler    Page 9 Alphabetic symbol ordering
Relocatable symbols


TIMER2_IRQHandler 0000001E

Symbol: TIMER2_IRQHandler
   Definitions
      At line 312 in file startup_gd32f30x_hd.s
   Uses
      At line 116 in file startup_gd32f30x_hd.s
      At line 250 in file startup_gd32f30x_hd.s

TIMER3_IRQHandler 0000001E

Symbol: TIMER3_IRQHandler
   Definitions
      At line 313 in file startup_gd32f30x_hd.s
   Uses
      At line 117 in file startup_gd32f30x_hd.s
      At line 251 in file startup_gd32f30x_hd.s

TIMER4_IRQHandler 0000001E

Symbol: TIMER4_IRQHandler
   Definitions
      At line 333 in file startup_gd32f30x_hd.s
   Uses
      At line 137 in file startup_gd32f30x_hd.s
      At line 271 in file startup_gd32f30x_hd.s

TIMER5_IRQHandler 0000001E

Symbol: TIMER5_IRQHandler
   Definitions
      At line 337 in file startup_gd32f30x_hd.s
   Uses
      At line 141 in file startup_gd32f30x_hd.s
      At line 275 in file startup_gd32f30x_hd.s

TIMER6_IRQHandler 0000001E

Symbol: TIMER6_IRQHandler
   Definitions
      At line 338 in file startup_gd32f30x_hd.s
   Uses
      At line 142 in file startup_gd32f30x_hd.s
      At line 276 in file startup_gd32f30x_hd.s

TIMER7_BRK_IRQHandler 0000001E

Symbol: TIMER7_BRK_IRQHandler
   Definitions
      At line 326 in file startup_gd32f30x_hd.s
   Uses
      At line 130 in file startup_gd32f30x_hd.s
      At line 264 in file startup_gd32f30x_hd.s

TIMER7_Channel_IRQHandler 0000001E

Symbol: TIMER7_Channel_IRQHandler
   Definitions



ARM Macro Assembler    Page 10 Alphabetic symbol ordering
Relocatable symbols

      At line 329 in file startup_gd32f30x_hd.s
   Uses
      At line 133 in file startup_gd32f30x_hd.s
      At line 267 in file startup_gd32f30x_hd.s

TIMER7_TRG_CMT_IRQHandler 0000001E

Symbol: TIMER7_TRG_CMT_IRQHandler
   Definitions
      At line 328 in file startup_gd32f30x_hd.s
   Uses
      At line 132 in file startup_gd32f30x_hd.s
      At line 266 in file startup_gd32f30x_hd.s

TIMER7_UP_IRQHandler 0000001E

Symbol: TIMER7_UP_IRQHandler
   Definitions
      At line 327 in file startup_gd32f30x_hd.s
   Uses
      At line 131 in file startup_gd32f30x_hd.s
      At line 265 in file startup_gd32f30x_hd.s

UART3_IRQHandler 0000001E

Symbol: UART3_IRQHandler
   Definitions
      At line 335 in file startup_gd32f30x_hd.s
   Uses
      At line 139 in file startup_gd32f30x_hd.s
      At line 273 in file startup_gd32f30x_hd.s

UART4_IRQHandler 0000001E

Symbol: UART4_IRQHandler
   Definitions
      At line 336 in file startup_gd32f30x_hd.s
   Uses
      At line 140 in file startup_gd32f30x_hd.s
      At line 274 in file startup_gd32f30x_hd.s

USART0_IRQHandler 0000001E

Symbol: USART0_IRQHandler
   Definitions
      At line 320 in file startup_gd32f30x_hd.s
   Uses
      At line 124 in file startup_gd32f30x_hd.s
      At line 258 in file startup_gd32f30x_hd.s

USART1_IRQHandler 0000001E

Symbol: USART1_IRQHandler
   Definitions
      At line 321 in file startup_gd32f30x_hd.s
   Uses
      At line 125 in file startup_gd32f30x_hd.s
      At line 259 in file startup_gd32f30x_hd.s




ARM Macro Assembler    Page 11 Alphabetic symbol ordering
Relocatable symbols

USART2_IRQHandler 0000001E

Symbol: USART2_IRQHandler
   Definitions
      At line 322 in file startup_gd32f30x_hd.s
   Uses
      At line 126 in file startup_gd32f30x_hd.s
      At line 260 in file startup_gd32f30x_hd.s

USBD_HP_CAN0_TX_IRQHandler 0000001E

Symbol: USBD_HP_CAN0_TX_IRQHandler
   Definitions
      At line 302 in file startup_gd32f30x_hd.s
   Uses
      At line 106 in file startup_gd32f30x_hd.s
      At line 240 in file startup_gd32f30x_hd.s

USBD_LP_CAN0_RX0_IRQHandler 0000001E

Symbol: USBD_LP_CAN0_RX0_IRQHandler
   Definitions
      At line 303 in file startup_gd32f30x_hd.s
   Uses
      At line 107 in file startup_gd32f30x_hd.s
      At line 241 in file startup_gd32f30x_hd.s

USBD_WKUP_IRQHandler 0000001E

Symbol: USBD_WKUP_IRQHandler
   Definitions
      At line 325 in file startup_gd32f30x_hd.s
   Uses
      At line 129 in file startup_gd32f30x_hd.s
      At line 263 in file startup_gd32f30x_hd.s

UsageFault_Handler 00000010

Symbol: UsageFault_Handler
   Definitions
      At line 186 in file startup_gd32f30x_hd.s
   Uses
      At line 75 in file startup_gd32f30x_hd.s
      At line 187 in file startup_gd32f30x_hd.s

WWDGT_IRQHandler 0000001E

Symbol: WWDGT_IRQHandler
   Definitions
      At line 283 in file startup_gd32f30x_hd.s
   Uses
      At line 87 in file startup_gd32f30x_hd.s
      At line 221 in file startup_gd32f30x_hd.s

vPortSVCHandler 0000001C

Symbol: vPortSVCHandler
   Definitions
      At line 214 in file startup_gd32f30x_hd.s



ARM Macro Assembler    Page 12 Alphabetic symbol ordering
Relocatable symbols

   Uses
      At line 80 in file startup_gd32f30x_hd.s
      At line 215 in file startup_gd32f30x_hd.s

xPortPendSVHandler 0000001A

Symbol: xPortPendSVHandler
   Definitions
      At line 210 in file startup_gd32f30x_hd.s
   Uses
      At line 83 in file startup_gd32f30x_hd.s
      At line 211 in file startup_gd32f30x_hd.s

74 symbols



ARM Macro Assembler    Page 1 Alphabetic symbol ordering
Absolute symbols

Heap_Size 00000400

Symbol: Heap_Size
   Definitions
      At line 53 in file startup_gd32f30x_hd.s
   Uses
      At line 57 in file startup_gd32f30x_hd.s
Comment: Heap_Size used once
Stack_Size 00000400

Symbol: Stack_Size
   Definitions
      At line 42 in file startup_gd32f30x_hd.s
   Uses
      At line 45 in file startup_gd32f30x_hd.s
Comment: Stack_Size used once
__Vectors_Size 00000130

Symbol: __Vectors_Size
   Definitions
      At line 150 in file startup_gd32f30x_hd.s
   Uses
      At line 67 in file startup_gd32f30x_hd.s
Comment: __Vectors_Size used once
3 symbols



ARM Macro Assembler    Page 1 Alphabetic symbol ordering
External symbols

SystemInit 00000000

Symbol: SystemInit
   Definitions
      At line 157 in file startup_gd32f30x_hd.s
   Uses
      At line 159 in file startup_gd32f30x_hd.s
Comment: SystemInit used once
__main 00000000

Symbol: __main
   Definitions
      At line 158 in file startup_gd32f30x_hd.s
   Uses
      At line 161 in file startup_gd32f30x_hd.s
Comment: __main used once
2 symbols
425 symbols in table
