*** Using Compiler 'V5.06 update 7 (build 960)', folder: 'D:\software\keil\ARM\ARMCC\Bin'
Rebuild target 'demo_freertos'
compiling led.c...
compiling systick.c...
compiling isr.c...
compiling gd32f30x_dac.c...
compiling gd32f30x_crc.c...
compiling gd32f30x_bkp.c...
compiling main.c...
main.c(83): warning:  #111-D: statement is unreachable
  	return 0;
main.c: 1 warning, 0 errors
compiling gd32f30x_ctc.c...
compiling gd32f30x_dma.c...
compiling gd32f30x_dbg.c...
compiling gd32f30x_adc.c...
compiling gd32f30x_exmc.c...
compiling gd32f30x_fmc.c...
compiling gd32f30x_fwdgt.c...
compiling gd32f30x_gpio.c...
compiling gd32f30x_rcu.c...
compiling gd32f30x_enet.c...
compiling gd32f30x_exti.c...
compiling gd32f30x_pmu.c...
compiling gd32f30x_i2c.c...
assembling startup_gd32f30x_hd.s...
compiling croutine.c...
compiling event_groups.c...
compiling gd32f30x_misc.c...
compiling gd32f30x_rtc.c...
compiling gd32f30x_timer.c...
compiling gd32f30x_spi.c...
compiling gd32f30x_sdio.c...
compiling list.c...
compiling queue.c...
compiling timers.c...
compiling tasks.c...
compiling heap_4.c...
compiling gd32f30x_usart.c...
compiling gd32f30x_wwdgt.c...
compiling stream_buffer.c...
compiling system_gd32f30x.c...
compiling port.c...
compiling gd32f30x_can.c...
linking...
Program Size: Code=8304 RO-data=416 RW-data=156 ZI-data=6388  
FromELF: creating hex file...
"..\bin\demo_freertos.axf" - 0 Error(s), 1 Warning(s).
Build Time Elapsed:  00:00:08
